<<<<<<< HEAD
<<<<<<< HEAD
2022-03-27 09:21:44 error: api/email/simpleTemplateEmail jeisoncaguana@gmail.com: Error: Invalid login: 535-5.7.8 Username and Password not accepted. Learn more at
535 5.7.8  https://support.google.com/mail/?p=BadCredentials az13-20020a056130038d00b00359ae34fa8fsm925084uab.6 - gsmtp 
2022-03-27 09:21:44 error: auth/controller.ts/login:  SyntaxError: Unexpected token ] in JSON at position 0  
2022-03-27 09:21:57 error: api/email/simpleTemplateEmail jeisoncaguana@gmail.com: Error: Invalid login: 535-5.7.8 Username and Password not accepted. Learn more at
535 5.7.8  https://support.google.com/mail/?p=BadCredentials m16-20020a67e0d0000000b0032567e043besm903323vsl.18 - gsmtp 
2022-03-27 09:21:57 error: auth/controller.ts/login:  SyntaxError: Unexpected token ] in JSON at position 0  
2022-03-27 09:22:57 error: api/email/simpleTemplateEmail jeisoncaguana@gmail.com: Error: Invalid login: 535-5.7.8 Username and Password not accepted. Learn more at
535 5.7.8  https://support.google.com/mail/?p=BadCredentials s63-20020a1fa942000000b003336910de3esm1367597vke.14 - gsmtp 
2022-03-27 09:22:57 error: auth/controller.ts/login:  SyntaxError: Unexpected token ] in JSON at position 0  
2022-03-27 09:24:34 error: auth/controller.ts/login:  SyntaxError: Unexpected token ] in JSON at position 0  
2022-03-27 09:25:08 error: api/email/simpleTemplateEmail jeisoncaguana@gmail.com: Error: Invalid login: 535-5.7.8 Username and Password not accepted. Learn more at
535 5.7.8  https://support.google.com/mail/?p=BadCredentials 63-20020a9f24c5000000b00352ba5f49c6sm1342533uar.36 - gsmtp 
2022-03-27 09:25:08 error: auth/controller.ts/login:  SyntaxError: Unexpected token ] in JSON at position 0  
2022-03-27 09:25:32 error: api/email/simpleTemplateEmail jeisoncaguana@gmail.com: Error: Invalid login: 535-5.7.8 Username and Password not accepted. Learn more at
535 5.7.8  https://support.google.com/mail/?p=BadCredentials m4-20020a1fd504000000b0033ea3e8391bsm1405795vkg.19 - gsmtp 
2022-03-27 09:25:32 error: auth/controller.ts/login:  SyntaxError: Unexpected token ] in JSON at position 0  
2022-03-27 09:25:50 error: api/email/simpleTemplateEmail jeisoncaguana@gmail.com: Error: Invalid login: 535-5.7.8 Username and Password not accepted. Learn more at
535 5.7.8  https://support.google.com/mail/?p=BadCredentials e25-20020ab03579000000b00352a99f3249sm1429664uaa.23 - gsmtp 
2022-03-27 09:26:56 error: api/email/simpleTemplateEmail jeisonhenaselec2@gmail.com: Error: Invalid login: 535-5.7.8 Username and Password not accepted. Learn more at
535 5.7.8  https://support.google.com/mail/?p=BadCredentials w68-20020a1f9447000000b0033f73c87324sm1392346vkd.5 - gsmtp 
2022-03-27 09:27:13 error: api/email/simpleTemplateEmail jeisonhenaselec2@gmail.com: Error: Invalid login: 535-5.7.8 Username and Password not accepted. Learn more at
535 5.7.8  https://support.google.com/mail/?p=BadCredentials 63-20020a9f24c5000000b00352ba5f49c6sm1343051uar.36 - gsmtp 
2022-03-27 09:27:13 error: auth/controller.ts/login:  SyntaxError: Unexpected token ] in JSON at position 0  
2022-03-27 09:30:17 error: api/email/simpleTemplateEmail jeisonhenaselec2@gmail.com: Error: Invalid login: 535-5.7.8 Username and Password not accepted. Learn more at
535 5.7.8  https://support.google.com/mail/?p=BadCredentials n22-20020a67fb96000000b003254596d105sm1145548vsr.9 - gsmtp 
2022-03-27 09:31:08 error: api/email/simpleTemplateEmail jeisoncaguana@gmail.com: Error: Invalid login: 535-5.7.8 Username and Password not accepted. Learn more at
535 5.7.8  https://support.google.com/mail/?p=BadCredentials z6-20020ab02246000000b00354cd555e64sm1425593uan.33 - gsmtp 
2022-03-27 09:33:12 error: api/email/simpleTemplateEmail jeisoncaguana@gmail.com: Error: Invalid login: 535-5.7.8 Username and Password not accepted. Learn more at
535 5.7.8  https://support.google.com/mail/?p=BadCredentials t13-20020a1f910d000000b0033f8e7d303asm1404953vkd.37 - gsmtp 
2022-03-27 09:34:22 error: api/email/simpleTemplateEmail jeisoncaguana@gmail.com: Error: Invalid login: 535-5.7.8 Username and Password not accepted. Learn more at
535 5.7.8  https://support.google.com/mail/?p=BadCredentials p18-20020a1fa612000000b0033f2481849esm1389776vke.22 - gsmtp 
2022-03-27 09:34:40 error: api/email/simpleTemplateEmail jeisoncaguana@gmail.com: Error: Invalid login: 535-5.7.8 Username and Password not accepted. Learn more at
535 5.7.8  https://support.google.com/mail/?p=BadCredentials x6-20020a67c086000000b003227f6f6b44sm1187784vsi.17 - gsmtp 
2022-03-28 14:05:18 error: Error: auth/controllet.ts/validateToken, SyntaxError: Unexpected token ] in JSON at position 0 
2022-04-15 03:25:04 error: api/email/simpleTemplateEmail jeisoncaguana@gmail.com: Error: Invalid login: 535-5.7.8 Username and Password not accepted. Learn more at
535 5.7.8  https://support.google.com/mail/?p=BadCredentials v1-20020a62c301000000b00505bc0b970dsm1215909pfg.178 - gsmtp 
2022-04-15 03:26:37 error: api/email/simpleTemplateEmail jeisoncaguana@gmail.com: Error: Invalid login: 535-5.7.8 Username and Password not accepted. Learn more at
535 5.7.8  https://support.google.com/mail/?p=BadCredentials r11-20020a63a54b000000b003a28b1eb93csm633126pgu.32 - gsmtp 
=======
 2022-04-03 11:31:44 error: middleware/controllet.ts/JWTAuth, TokenExpiredError: jwt expired 
2022-04-03 11:33:16 error: api/email/simpleTemplateEmail admin@hortifarm.com: Error: Invalid login: 535-5.7.8 Username and Password not accepted. Learn more at
535 5.7.8  https://support.google.com/mail/?p=BadCredentials c18-20020ab06ed2000000b0035b1efab93bsm1146024uav.35 - gsmtp 
2022-04-14 09:15:39 error: middleware/controllet.ts/JWTAuth, TokenExpiredError: jwt expired 
2022-04-14 09:16:56 error: middleware/controllet.ts/JWTAuth, JsonWebTokenError: invalid token 
2022-04-14 15:03:14 error: profile/controller.ts/update:  RequestError: Incorrect syntax near '-'.  
2022-04-14 15:57:02 error: profile/controller.ts/update:  RequestError: Incorrect syntax near '-'.  
2022-04-14 19:00:22 error: auth/controller.ts/login:  ConnectionError: Cannot open server 'azsqlpaasdb' requested by the login. Client with IP address '190.110.218.100' is not allowed to access the server.  To enable access, use the Windows Azure Management Portal or run sp_set_firewall_rule on the master database to create a firewall rule for this IP address or address range.  It may take up to five minutes for this change to take effect.  
2022-04-14 19:10:09 error: auth/controller.ts/login:  RequestError: Invalid column name 'CORREO'.  
2022-04-14 19:10:33 error: auth/controller.ts/login:  RequestError: Invalid column name 'CORREO'.  
2022-04-14 19:19:49 error: auth/controller.ts/login:  RequestError: Invalid column name 'CORREO'.  
2022-04-14 19:20:11 error: auth/controller.ts/login:  RequestError: Invalid column name 'CORREO'.  
2022-04-14 19:20:23 error: auth/controller.ts/login:  RequestError: Invalid column name 'CORREO'.  
2022-04-14 19:20:37 error: auth/controller.ts/login:  RequestError: Invalid column name 'CORREO'.  
2022-04-14 19:20:46 error: auth/controller.ts/login:  RequestError: Invalid column name 'CORREO'.  
2022-04-14 19:21:36 error: auth/controller.ts/login:  RequestError: Invalid column name 'CORREO'.  
2022-04-14 19:22:34 error: auth/controller.ts/login:  RequestError: Invalid column name 'CORREO'.  
2022-04-14 19:23:54 error: auth/controller.ts/login:  RequestError: Invalid column name 'CORREO'.  
2022-04-14 19:24:07 error: auth/controller.ts/login:  RequestError: Invalid column name 'CORREO'.  
2022-04-14 19:24:49 error: auth/controller.ts/login:  RequestError: Invalid column name 'CORREO'.  
2022-04-14 19:25:45 error: auth/controller.ts/login:  RequestError: Invalid column name 'CORREO'.  
2022-04-14 19:28:33 error: auth/controller.ts/login:  RequestError: Incorrect syntax near '.'.  
2022-04-14 19:28:49 error: auth/controller.ts/login:  RequestError: Incorrect syntax near '.'.  
2022-04-14 19:28:58 error: auth/controller.ts/login:  RequestError: Incorrect syntax near '.'.  
2022-04-14 19:29:36 error: api/email/simpleTemplateEmail admin@hortifarm.com: Error: Invalid login: 535-5.7.8 Username and Password not accepted. Learn more at
535 5.7.8  https://support.google.com/mail/?p=BadCredentials 85-20020a1f1958000000b00348e23b7c7csm442716vkz.3 - gsmtp 
2022-04-14 20:15:22 error: api/email/simpleTemplateEmail juan@ksnmdas.com: Error: Invalid login: 535-5.7.8 Username and Password not accepted. Learn more at
535 5.7.8  https://support.google.com/mail/?p=BadCredentials g16-20020a056122099000b00345d9e5030fsm439911vkd.14 - gsmtp 
2022-04-14 20:15:47 error: users/controller.ts/update:  TypeError: Cannot read properties of undefined (reading 'respuesta')  
2022-04-14 21:11:45 error: api/email/simpleTemplateEmail jeisoncaguana@gmail.com: Error: Invalid login: 535-5.7.8 Username and Password not accepted. Learn more at
535 5.7.8  https://support.google.com/mail/?p=BadCredentials o7-20020a056122178700b0034596eadcb5sm459511vkf.7 - gsmtp 
2022-04-14 21:13:06 error: api/email/simpleTemplateEmail jeisoncaguana@gmail.com: Error: Invalid login: 535-5.7.8 Username and Password not accepted. Learn more at
535 5.7.8  https://support.google.com/mail/?p=BadCredentials n14-20020a1f270e000000b0034520be02dbsm460759vkn.32 - gsmtp 
>>>>>>> c95379c98d75849e867ad194e9b84ee504bbcc54
2022-04-15 03:35:31 error: auth/controller.ts/login:  ConnectionError: Failed to connect to bioserver-kfc.3462a2927f9c.database.windows.net:1433 - Could not connect (sequence)  
=======
>>>>>>> 4a990ba9c32e2e896a834fe6c4555c3ea1fef863
2022-05-04 11:54:51 error: middleware/controllet.ts/JWTAuth, TokenExpiredError: jwt expired 
2022-05-06 16:40:33 error: profiles/controller.ts/asyncRuleValidations:  RequestError: Invalid column name 'undefined'.  
2022-05-06 16:40:33 error: profiles/controller.ts/asyncRuleValidations:  RequestError: Invalid column name 'undefined'.  
2022-05-06 16:40:34 error: profiles/controller.ts/asyncRuleValidations:  RequestError: Invalid column name 'undefined'.  
<<<<<<< HEAD
2022-05-10 23:16:28 error: Error: auth/controllet.ts/validateToken, TypeError [ERR_INVALID_ARG_TYPE]: The "string" argument must be of type string or an instance of Buffer or ArrayBuffer. Received an instance of Object 
2022-05-10 23:29:52 error: middleware/controllet.ts/JWTAuth, TypeError [ERR_INVALID_ARG_TYPE]: The "string" argument must be of type string or an instance of Buffer or ArrayBuffer. Received an instance of Object 
=======
2022-05-10 21:41:02 error: module/controller.ts/all:  RequestError: Invalid object name 'dbo.vwModulos'.  
2022-05-10 21:41:16 error: module/controller.ts/all:  RequestError: Invalid object name 'dbo.vwModulos'.  
2022-05-10 21:41:23 error: module/controller.ts/all:  RequestError: Invalid object name 'dbo.vwModulos'.  
2022-05-10 21:41:36 error: module/controller.ts/all:  RequestError: Invalid object name 'dbo.vwModulos'.  
2022-05-10 21:41:46 error: module/controller.ts/all:  RequestError: Invalid object name 'dbo.vwModulos'.  
2022-05-10 22:03:04 error: modules/controller.ts/update:  RequestError: @prmNIVEL is not a parameter for procedure iae_modulo.  
2022-05-10 22:05:02 error: modules/controller.ts/update:  RequestError: @rmidmodulo is not a parameter for procedure iae_modulo.  
2022-05-10 23:40:52 error: screen/controller.ts/create:  RequestError: Incorrect syntax near '<'.  
2022-05-10 23:41:59 error: screen/controller.ts/create:  RequestError: Error converting data type nvarchar to bit.  
2022-05-10 23:48:34 error: screen/controller.ts/update:  RequestError: Error converting data type nvarchar to decimal.  
2022-05-10 23:50:16 error: screen/controller.ts/update:  RequestError: Error converting data type nvarchar to decimal.  
2022-05-11 00:09:27 error: objectScreen/controller.ts/create:  RequestError: Must declare the scalar variable "@accion".  
2022-05-11 00:10:28 error: objectScreen/controller.ts/create:  RequestError: Must declare the scalar variable "@accion".  
2022-05-11 00:11:12 error: objectScreen/controller.ts/create:  RequestError: Must declare the scalar variable "@prmidpantalla".  
2022-05-11 00:12:56 error: objectScreen/controller.ts/_delete:  RequestError: Error converting data type nvarchar to bigint.  
2022-05-11 00:13:52 error: objectScreen/controller.ts/update:  RequestError: @prmACTIVO is not a parameter for procedure iae_objetopantalla.  
>>>>>>> 1fe881f3b5449277b24e9938b7d18358527acbc3
2022-05-11 18:04:20 error: Error: auth/controllet.ts/validateToken, TypeError [ERR_INVALID_ARG_TYPE]: The "string" argument must be of type string or an instance of Buffer or ArrayBuffer. Received an instance of Object 
2022-05-11 20:24:23 error: screen/controller.ts/create:  RequestError: Error converting data type nvarchar to bigint.  
2022-05-29 10:18:58 error: Error converting data type nvarchar to bit. 
